User connected from socket 4
Taked { "Type": "Logging", "Login": "admin55", "Passwd": "admin555" } from socket: 4
Taked { "Type": "Logging", "Login": "admin55", "Passwd": "admin555" } from socket: 4
Taked { "Type": "Logging", "Login": "admin55", "Passwd": "admin555" } from socket: 4
Taked { "Type": "Logging", "Login": "admin55", "Passwd": "admin555" } from socket: 4
Taked { "Type": "Logging", "Login": "admin55", "Passwd": "admin555" } from socket: 4
Taked { "Type": "Logging", "Login": "admin55", "Passwd": "admin555sdsd" } from socket: 4
Taked { "Type": "Logging", "Login": "admin55", "Passwd": "admin555sdsd" } from socket: 4
Taked { "Type": "Logging", "Login": "admin55", "Passwd": "admin555sdsd" } from socket: 4
Taked { "Type": "Logging", "Login": "admin55", "Passwd": "admin555sdsd" } from socket: 4
Taked { "Type": "Logging", "Login": "admin55", "Passwd": "admin555sdsd" } from socket: 4
Taked { "Type": "Logging", "Login": "admin55", "Passwd": "admin555sdsd" } from socket: 4
Taked { "Type": "Logging", "Login": "admin55", "Passwd": "admin555sd" } from socket: 4
Taked { "Type": "Logging", "Login": "admin55", "Passwd": "admin555sd" } from socket: 4
Taked { "Type": "Logging", "Login": "admin55", "Passwd": "admin555sd" } from socket: 4
Taked { "Type": "Logging", "Login": "admin55", "Passwd": "admin555sd" } from socket: 4
Taked { "Type": "Logging", "Login": "admin55", "Passwd": "admin555sd" } from socket: 4
Taked { "Type": "Logging", "Login": "admin55", "Passwd": "admin555sd" } from socket: 4
Taked { "Type": "Logging", "Login": "admin55", "Passwd": "admin555sd" } from socket: 4
Taked { "Type": "Logging", "Login": "admin55", "Passwd": "admin555sd" } from socket: 4
Taked { "Type": "Logging", "Login": "admin55", "Passwd": "admin555sd" } from socket: 4
Taked { "Type": "Logging", "Login": "admin55", "Passwd": "admin555sd" } from socket: 4
Taked { "Type": "Logging", "Login": "admin55", "Passwd": "admin555sd" } from socket: 4
Taked { "Type": "Logging", "Login": "admin55", "Passwd": "admin555sd" } from socket: 4
Taked { "Type": "Logging", "Login": "admin55", "Passwd": "admin555sd" } from socket: 4
User 4 Disconnected
User connected from socket 4
Taked { "Type": "Logging", "Login": "admin", "Passwd": "admin" } from socket: 4
User 4 Disconnected
User connected from socket 4
Taked { "Type": "Logging", "Login": "admind", "Passwd": "admind" } from socket: 4
Taked { "Type": "Logging", "Login": "admind", "Passwd": "admind" } from socket: 4
Taked { "Type": "Logging", "Login": "admind", "Passwd": "admind" } from socket: 4
Taked { "Type": "Logging", "Login": "admind", "Passwd": "admind" } from socket: 4
Taked { "Type": "Logging", "Login": "admind", "Passwd": "admind" } from socket: 4
User 4 Disconnected
